# JRE version: OpenJDK Runtime Environment (8.0_152-b06) (build 1.8.0_152-release-1136-b06)
# Java VM: OpenJDK 64-Bit Server VM (25.152-b06 mixed mode windows-amd64 compressed oops)
Heap:
 PSYoungGen      total 367616K, used 112163K [0x00000000e0000000, 0x00000000fb380000, 0x0000000100000000)
  eden space 295424K, 27% used [0x00000000e0000000,0x00000000e4e8c3d8,0x00000000f2080000)
  from space 72192K, 43% used [0x00000000f2080000,0x00000000f3f7c988,0x00000000f6700000)
  to   space 68096K, 0% used [0x00000000f7100000,0x00000000f7100000,0x00000000fb380000)
 ParOldGen       total 254976K, used 44548K [0x00000000a0000000, 0x00000000af900000, 0x00000000e0000000)
  object space 254976K, 17% used [0x00000000a0000000,0x00000000a2b81160,0x00000000af900000)
 Metaspace       used 61095K, capacity 63036K, committed 63128K, reserved 1105920K
  class space    used 7077K, capacity 7593K, committed 7600K, reserved 1048576K
GC Heap History (10 events):
Event: 2645.343 GC heap before
{Heap before GC invocations=22 (full 3):
 PSYoungGen      total 335360K, used 258186K [0x00000000e0000000, 0x00000000f9e80000, 0x0000000100000000)
  eden space 254464K, 100% used [0x00000000e0000000,0x00000000ef880000,0x00000000ef880000)
  from space 80896K, 4% used [0x00000000f4980000,0x00000000f4d22848,0x00000000f9880000)
  to   space 82944K, 0% used [0x00000000ef880000,0x00000000ef880000,0x00000000f4980000)
 ParOldGen       total 254976K, used 44516K [0x00000000a0000000, 0x00000000af900000, 0x00000000e0000000)
  object space 254976K, 17% used [0x00000000a0000000,0x00000000a2b79160,0x00000000af900000)
 Metaspace       used 57234K, capacity 58850K, committed 59160K, reserved 1101824K
  class space    used 6634K, capacity 7038K, committed 7216K, reserved 1048576K
Event: 2645.350 GC heap after
Heap after GC invocations=22 (full 3):
 PSYoungGen      total 337408K, used 11321K [0x00000000e0000000, 0x00000000fb500000, 0x0000000100000000)
  eden space 254464K, 0% used [0x00000000e0000000,0x00000000e0000000,0x00000000ef880000)
  from space 82944K, 13% used [0x00000000ef880000,0x00000000f038e4d8,0x00000000f4980000)
  to   space 81920K, 0% used [0x00000000f6500000,0x00000000f6500000,0x00000000fb500000)
 ParOldGen       total 254976K, used 44524K [0x00000000a0000000, 0x00000000af900000, 0x00000000e0000000)
  object space 254976K, 17% used [0x00000000a0000000,0x00000000a2b7b160,0x00000000af900000)
 Metaspace       used 57234K, capacity 58850K, committed 59160K, reserved 1101824K
  class space    used 6634K, capacity 7038K, committed 7216K, reserved 1048576K
}
Event: 2670.770 GC heap before
{Heap before GC invocations=23 (full 3):
 PSYoungGen      total 337408K, used 265785K [0x00000000e0000000, 0x00000000fb500000, 0x0000000100000000)
  eden space 254464K, 100% used [0x00000000e0000000,0x00000000ef880000,0x00000000ef880000)
  from space 82944K, 13% used [0x00000000ef880000,0x00000000f038e4d8,0x00000000f4980000)
  to   space 81920K, 0% used [0x00000000f6500000,0x00000000f6500000,0x00000000fb500000)
 ParOldGen       total 254976K, used 44524K [0x00000000a0000000, 0x00000000af900000, 0x00000000e0000000)
  object space 254976K, 17% used [0x00000000a0000000,0x00000000a2b7b160,0x00000000af900000)
 Metaspace       used 58448K, capacity 60214K, committed 60440K, reserved 1101824K
  class space    used 6780K, capacity 7212K, committed 7216K, reserved 1048576K
Event: 2670.781 GC heap after
Heap after GC invocations=23 (full 3):
 PSYoungGen      total 351232K, used 16257K [0x00000000e0000000, 0x00000000fac00000, 0x0000000100000000)
  eden space 278528K, 0% used [0x00000000e0000000,0x00000000e0000000,0x00000000f1000000)
  from space 72704K, 22% used [0x00000000f6500000,0x00000000f74e0480,0x00000000fac00000)
  to   space 79872K, 0% used [0x00000000f1000000,0x00000000f1000000,0x00000000f5e00000)
 ParOldGen       total 254976K, used 44532K [0x00000000a0000000, 0x00000000af900000, 0x00000000e0000000)
  object space 254976K, 17% used [0x00000000a0000000,0x00000000a2b7d160,0x00000000af900000)
 Metaspace       used 58448K, capacity 60214K, committed 60440K, reserved 1101824K
  class space    used 6780K, capacity 7212K, committed 7216K, reserved 1048576K
}
Event: 2753.909 GC heap before
{Heap before GC invocations=24 (full 3):
 PSYoungGen      total 351232K, used 294785K [0x00000000e0000000, 0x00000000fac00000, 0x0000000100000000)
  eden space 278528K, 100% used [0x00000000e0000000,0x00000000f1000000,0x00000000f1000000)
  from space 72704K, 22% used [0x00000000f6500000,0x00000000f74e0480,0x00000000fac00000)
  to   space 79872K, 0% used [0x00000000f1000000,0x00000000f1000000,0x00000000f5e00000)
 ParOldGen       total 254976K, used 44532K [0x00000000a0000000, 0x00000000af900000, 0x00000000e0000000)
  object space 254976K, 17% used [0x00000000a0000000,0x00000000a2b7d160,0x00000000af900000)
 Metaspace       used 59424K, capacity 61176K, committed 61464K, reserved 1103872K
  class space    used 6886K, capacity 7357K, committed 7472K, reserved 1048576K
Event: 2753.927 GC heap after
Heap after GC invocations=24 (full 3):
 PSYoungGen      total 358400K, used 29104K [0x00000000e0000000, 0x00000000fb780000, 0x0000000100000000)
  eden space 278528K, 0% used [0x00000000e0000000,0x00000000e0000000,0x00000000f1000000)
  from space 79872K, 36% used [0x00000000f1000000,0x00000000f2c6c2c8,0x00000000f5e00000)
  to   space 75264K, 0% used [0x00000000f6e00000,0x00000000f6e00000,0x00000000fb780000)
 ParOldGen       total 254976K, used 44540K [0x00000000a0000000, 0x00000000af900000, 0x00000000e0000000)
  object space 254976K, 17% used [0x00000000a0000000,0x00000000a2b7f160,0x00000000af900000)
 Metaspace       used 59424K, capacity 61176K, committed 61464K, reserved 1103872K
  class space    used 6886K, capacity 7357K, committed 7472K, reserved 1048576K
}
Event: 2844.032 GC heap before
{Heap before GC invocations=25 (full 3):
 PSYoungGen      total 358400K, used 307632K [0x00000000e0000000, 0x00000000fb780000, 0x0000000100000000)
  eden space 278528K, 100% used [0x00000000e0000000,0x00000000f1000000,0x00000000f1000000)
  from space 79872K, 36% used [0x00000000f1000000,0x00000000f2c6c2c8,0x00000000f5e00000)
  to   space 75264K, 0% used [0x00000000f6e00000,0x00000000f6e00000,0x00000000fb780000)
 ParOldGen       total 254976K, used 44540K [0x00000000a0000000, 0x00000000af900000, 0x00000000e0000000)
  object space 254976K, 17% used [0x00000000a0000000,0x00000000a2b7f160,0x00000000af900000)
 Metaspace       used 60099K, capacity 61954K, committed 62232K, reserved 1103872K
  class space    used 6969K, capacity 7448K, committed 7472K, reserved 1048576K
Event: 2844.075 GC heap after
Heap after GC invocations=25 (full 3):
 PSYoungGen      total 360448K, used 33382K [0x00000000e0000000, 0x00000000fad80000, 0x0000000100000000)
  eden space 295424K, 0% used [0x00000000e0000000,0x00000000e0000000,0x00000000f2080000)
  from space 65024K, 51% used [0x00000000f6e00000,0x00000000f8e99b48,0x00000000fad80000)
  to   space 72192K, 0% used [0x00000000f2080000,0x00000000f2080000,0x00000000f6700000)
 ParOldGen       total 254976K, used 44540K [0x00000000a0000000, 0x00000000af900000, 0x00000000e0000000)
  object space 254976K, 17% used [0x00000000a0000000,0x00000000a2b7f160,0x00000000af900000)
 Metaspace       used 60099K, capacity 61954K, committed 62232K, reserved 1103872K
  class space    used 6969K, capacity 7448K, committed 7472K, reserved 1048576K
}
Event: 3026.059 GC heap before
{Heap before GC invocations=26 (full 3):
 PSYoungGen      total 360448K, used 328806K [0x00000000e0000000, 0x00000000fad80000, 0x0000000100000000)
  eden space 295424K, 100% used [0x00000000e0000000,0x00000000f2080000,0x00000000f2080000)
  from space 65024K, 51% used [0x00000000f6e00000,0x00000000f8e99b48,0x00000000fad80000)
  to   space 72192K, 0% used [0x00000000f2080000,0x00000000f2080000,0x00000000f6700000)
 ParOldGen       total 254976K, used 44540K [0x00000000a0000000, 0x00000000af900000, 0x00000000e0000000)
  object space 254976K, 17% used [0x00000000a0000000,0x00000000a2b7f160,0x00000000af900000)
 Metaspace       used 60872K, capacity 62808K, committed 62872K, reserved 1103872K
  class space    used 7056K, capacity 7561K, committed 7600K, reserved 1048576K
Event: 3026.086 GC heap after
Heap after GC invocations=26 (full 3):
 PSYoungGen      total 367616K, used 31730K [0x00000000e0000000, 0x00000000fb380000, 0x0000000100000000)
  eden space 295424K, 0% used [0x00000000e0000000,0x00000000e0000000,0x00000000f2080000)
  from space 72192K, 43% used [0x00000000f2080000,0x00000000f3f7c988,0x00000000f6700000)
  to   space 68096K, 0% used [0x00000000f7100000,0x00000000f7100000,0x00000000fb380000)
 ParOldGen       total 254976K, used 44548K [0x00000000a0000000, 0x00000000af900000, 0x00000000e0000000)
  object space 254976K, 17% used [0x00000000a0000000,0x00000000a2b81160,0x00000000af900000)
 Metaspace       used 60872K, capacity 62808K, committed 62872K, reserved 1103872K
  class space    used 7056K, capacity 7561K, committed 7600K, reserved 1048576K
}

